This is pdfTeX, Version 3.14159265-2.6-1.40.18 (TeX Live 2017/Debian) (preloaded format=pdflatex 2020.3.27)  9 APR 2020 16:17
entering extended mode
 restricted \write18 enabled.
 %&-line parsing enabled.
**main.tex
(./main.tex
LaTeX2e <2017-04-15>
Babel <3.18> and hyphenation patterns for 25 language(s) loaded.
(./blogTemplate.cls
Document Class: blogTemplate 
(/usr/share/texlive/texmf-dist/tex/latex/base/article.cls
Document Class: article 2014/09/29 v1.4h Standard LaTeX document class
(/usr/share/texlive/texmf-dist/tex/latex/base/size10.clo
File: size10.clo 2014/09/29 v1.4h Standard LaTeX file (size option)
)
\c@part=\count79
\c@section=\count80
\c@subsection=\count81
\c@subsubsection=\count82
\c@paragraph=\count83
\c@subparagraph=\count84
\c@figure=\count85
\c@table=\count86
\abovecaptionskip=\skip41
\belowcaptionskip=\skip42
\bibindent=\dimen102
)
(/home/swallace6859/texmf/tex/latex/amsfonts/amssymb.sty
Package: amssymb 2013/01/14 v3.01 AMS font symbols

(/home/swallace6859/texmf/tex/latex/amsfonts/amsfonts.sty
Package: amsfonts 2013/01/14 v3.01 Basic AMSFonts support
\@emptytoks=\toks14
\symAMSa=\mathgroup4
\symAMSb=\mathgroup5
LaTeX Font Info:    Overwriting math alphabet `\mathfrak' in version `bold'
(Font)                  U/euf/m/n --> U/euf/b/n on input line 106.
))
(/usr/share/texlive/texmf-dist/tex/latex/amsmath/amsmath.sty
Package: amsmath 2017/09/02 v2.17a AMS math features
\@mathmargin=\skip43

For additional information on amsmath, use the `?' option.
(/usr/share/texlive/texmf-dist/tex/latex/amsmath/amstext.sty
Package: amstext 2000/06/29 v2.01 AMS text

(/usr/share/texlive/texmf-dist/tex/latex/amsmath/amsgen.sty
File: amsgen.sty 1999/11/30 v2.0 generic functions
\@emptytoks=\toks15
\ex@=\dimen103
))
(/usr/share/texlive/texmf-dist/tex/latex/amsmath/amsbsy.sty
Package: amsbsy 1999/11/29 v1.2d Bold Symbols
\pmbraise@=\dimen104
)
(/usr/share/texlive/texmf-dist/tex/latex/amsmath/amsopn.sty
Package: amsopn 2016/03/08 v2.02 operator names
)
\inf@bad=\count87
LaTeX Info: Redefining \frac on input line 213.
\uproot@=\count88
\leftroot@=\count89
LaTeX Info: Redefining \overline on input line 375.
\classnum@=\count90
\DOTSCASE@=\count91
LaTeX Info: Redefining \ldots on input line 472.
LaTeX Info: Redefining \dots on input line 475.
LaTeX Info: Redefining \cdots on input line 596.
\Mathstrutbox@=\box26
\strutbox@=\box27
\big@size=\dimen105
LaTeX Font Info:    Redeclaring font encoding OML on input line 712.
LaTeX Font Info:    Redeclaring font encoding OMS on input line 713.
\macc@depth=\count92
\c@MaxMatrixCols=\count93
\dotsspace@=\muskip10
\c@parentequation=\count94
\dspbrk@lvl=\count95
\tag@help=\toks16
\row@=\count96
\column@=\count97
\maxfields@=\count98
\andhelp@=\toks17
\eqnshift@=\dimen106
\alignsep@=\dimen107
\tagshift@=\dimen108
\tagwidth@=\dimen109
\totwidth@=\dimen110
\lineht@=\dimen111
\@envbody=\toks18
\multlinegap=\skip44
\multlinetaggap=\skip45
\mathdisplay@stack=\toks19
LaTeX Info: Redefining \[ on input line 2817.
LaTeX Info: Redefining \] on input line 2818.
)
(/usr/share/texlive/texmf-dist/tex/latex/hyperref/hyperref.sty
Package: hyperref 2018/02/06 v6.86b Hypertext links for LaTeX

(/usr/share/texlive/texmf-dist/tex/generic/oberdiek/hobsub-hyperref.sty
Package: hobsub-hyperref 2016/05/16 v1.14 Bundle oberdiek, subset hyperref (HO)


(/usr/share/texlive/texmf-dist/tex/generic/oberdiek/hobsub-generic.sty
Package: hobsub-generic 2016/05/16 v1.14 Bundle oberdiek, subset generic (HO)
Package: hobsub 2016/05/16 v1.14 Construct package bundles (HO)
Package: infwarerr 2016/05/16 v1.4 Providing info/warning/error messages (HO)
Package: ltxcmds 2016/05/16 v1.23 LaTeX kernel commands for general use (HO)
Package: ifluatex 2016/05/16 v1.4 Provides the ifluatex switch (HO)
Package ifluatex Info: LuaTeX not detected.
Package: ifvtex 2016/05/16 v1.6 Detect VTeX and its facilities (HO)
Package ifvtex Info: VTeX not detected.
Package: intcalc 2016/05/16 v1.2 Expandable calculations with integers (HO)
Package: ifpdf 2017/03/15 v3.2 Provides the ifpdf switch
Package: etexcmds 2016/05/16 v1.6 Avoid name clashes with e-TeX commands (HO)
Package etexcmds Info: Could not find \expanded.
(etexcmds)             That can mean that you are not using pdfTeX 1.50 or
(etexcmds)             that some package has redefined \expanded.
(etexcmds)             In the latter case, load this package earlier.
Package: kvsetkeys 2016/05/16 v1.17 Key value parser (HO)
Package: kvdefinekeys 2016/05/16 v1.4 Define keys (HO)
Package: pdftexcmds 2018/01/21 v0.26 Utility functions of pdfTeX for LuaTeX (HO
)
Package pdftexcmds Info: LuaTeX not detected.
Package pdftexcmds Info: \pdf@primitive is available.
Package pdftexcmds Info: \pdf@ifprimitive is available.
Package pdftexcmds Info: \pdfdraftmode found.
Package: pdfescape 2016/05/16 v1.14 Implements pdfTeX's escape features (HO)
Package: bigintcalc 2016/05/16 v1.4 Expandable calculations on big integers (HO
)
Package: bitset 2016/05/16 v1.2 Handle bit-vector datatype (HO)
Package: uniquecounter 2016/05/16 v1.3 Provide unlimited unique counter (HO)
)
Package hobsub Info: Skipping package `hobsub' (already loaded).
Package: letltxmacro 2016/05/16 v1.5 Let assignment for LaTeX macros (HO)
Package: hopatch 2016/05/16 v1.3 Wrapper for package hooks (HO)
Package: xcolor-patch 2016/05/16 xcolor patch
Package: atveryend 2016/05/16 v1.9 Hooks at the very end of document (HO)
Package atveryend Info: \enddocument detected (standard20110627).
Package: atbegshi 2016/06/09 v1.18 At begin shipout hook (HO)
Package: refcount 2016/05/16 v3.5 Data extraction from label references (HO)
Package: hycolor 2016/05/16 v1.8 Color options for hyperref/bookmark (HO)
)
(/usr/share/texlive/texmf-dist/tex/latex/graphics/keyval.sty
Package: keyval 2014/10/28 v1.15 key=value parser (DPC)
\KV@toks@=\toks20
)
(/usr/share/texlive/texmf-dist/tex/generic/ifxetex/ifxetex.sty
Package: ifxetex 2010/09/12 v0.6 Provides ifxetex conditional
)
(/usr/share/texlive/texmf-dist/tex/latex/oberdiek/auxhook.sty
Package: auxhook 2016/05/16 v1.4 Hooks for auxiliary files (HO)
)
(/usr/share/texlive/texmf-dist/tex/latex/oberdiek/kvoptions.sty
Package: kvoptions 2016/05/16 v3.12 Key value format for package options (HO)
)
\@linkdim=\dimen112
\Hy@linkcounter=\count99
\Hy@pagecounter=\count100

(/usr/share/texlive/texmf-dist/tex/latex/hyperref/pd1enc.def
File: pd1enc.def 2018/02/06 v6.86b Hyperref: PDFDocEncoding definition (HO)
)
\Hy@SavedSpaceFactor=\count101

(/usr/share/texlive/texmf-dist/tex/latex/latexconfig/hyperref.cfg
File: hyperref.cfg 2002/06/06 v1.2 hyperref configuration of TeXLive
)
Package hyperref Info: Hyper figures OFF on input line 4509.
Package hyperref Info: Link nesting OFF on input line 4514.
Package hyperref Info: Hyper index ON on input line 4517.
Package hyperref Info: Plain pages OFF on input line 4524.
Package hyperref Info: Backreferencing OFF on input line 4529.
Package hyperref Info: Implicit mode ON; LaTeX internals redefined.
Package hyperref Info: Bookmarks ON on input line 4762.
\c@Hy@tempcnt=\count102

(/usr/share/texlive/texmf-dist/tex/latex/url/url.sty
\Urlmuskip=\muskip11
Package: url 2013/09/16  ver 3.4  Verb mode for urls, etc.
)
LaTeX Info: Redefining \url on input line 5115.
\XeTeXLinkMargin=\dimen113
\Fld@menulength=\count103
\Field@Width=\dimen114
\Fld@charsize=\dimen115
Package hyperref Info: Hyper figures OFF on input line 6369.
Package hyperref Info: Link nesting OFF on input line 6374.
Package hyperref Info: Hyper index ON on input line 6377.
Package hyperref Info: backreferencing OFF on input line 6384.
Package hyperref Info: Link coloring OFF on input line 6389.
Package hyperref Info: Link coloring with OCG OFF on input line 6394.
Package hyperref Info: PDF/A mode OFF on input line 6399.
LaTeX Info: Redefining \ref on input line 6439.
LaTeX Info: Redefining \pageref on input line 6443.
\Hy@abspage=\count104
\c@Item=\count105
\c@Hfootnote=\count106
)
Package hyperref Info: Driver (autodetected): hpdftex.

(/usr/share/texlive/texmf-dist/tex/latex/hyperref/hpdftex.def
File: hpdftex.def 2018/02/06 v6.86b Hyperref driver for pdfTeX
\Fld@listcount=\count107
\c@bookmark@seq@number=\count108

(/usr/share/texlive/texmf-dist/tex/latex/oberdiek/rerunfilecheck.sty
Package: rerunfilecheck 2016/05/16 v1.8 Rerun checks for auxiliary files (HO)
Package uniquecounter Info: New unique counter `rerunfilecheck' on input line 2
82.
)
\Hy@SectionHShift=\skip46
)
(/usr/share/texlive/texmf-dist/tex/latex/jknapltx/mathrsfs.sty
Package: mathrsfs 1996/01/01 Math RSFS package v1.0 (jk)
\symrsfs=\mathgroup6
)
(/usr/share/texlive/texmf-dist/tex/latex/mathtools/mathtools.sty
Package: mathtools 2018/01/08 v1.21 mathematical typesetting tools

(/usr/share/texlive/texmf-dist/tex/latex/tools/calc.sty
Package: calc 2014/10/28 v4.3 Infix arithmetic (KKT,FJ)
\calc@Acount=\count109
\calc@Bcount=\count110
\calc@Adimen=\dimen116
\calc@Bdimen=\dimen117
\calc@Askip=\skip47
\calc@Bskip=\skip48
LaTeX Info: Redefining \setlength on input line 80.
LaTeX Info: Redefining \addtolength on input line 81.
\calc@Ccount=\count111
\calc@Cskip=\skip49
)
(/usr/share/texlive/texmf-dist/tex/latex/mathtools/mhsetup.sty
Package: mhsetup 2017/03/31 v1.3 programming setup (MH)
)
LaTeX Info: Thecontrolsequence`\('isalreadyrobust on input line 129.
LaTeX Info: Thecontrolsequence`\)'isalreadyrobust on input line 129.
LaTeX Info: Thecontrolsequence`\['isalreadyrobust on input line 129.
LaTeX Info: Thecontrolsequence`\]'isalreadyrobust on input line 129.
\g_MT_multlinerow_int=\count112
\l_MT_multwidth_dim=\dimen118
\origjot=\skip50
\l_MT_shortvdotswithinadjustabove_dim=\dimen119
\l_MT_shortvdotswithinadjustbelow_dim=\dimen120
\l_MT_above_intertext_sep=\dimen121
\l_MT_below_intertext_sep=\dimen122
\l_MT_above_shortintertext_sep=\dimen123
\l_MT_below_shortintertext_sep=\dimen124
)
(/home/swallace6859/texmf/tex/latex/import/import.sty
Package: import 2009/03/23  v 5.1
)
(/usr/share/texlive/texmf-dist/tex/latex/fancyhdr/fancyhdr.sty
Package: fancyhdr 2017/06/30 v3.9a Extensive control of page headers and footer
s
\f@nch@headwidth=\skip51
\f@nch@O@elh=\skip52
\f@nch@O@erh=\skip53
\f@nch@O@olh=\skip54
\f@nch@O@orh=\skip55
\f@nch@O@elf=\skip56
\f@nch@O@erf=\skip57
\f@nch@O@olf=\skip58
\f@nch@O@orf=\skip59
)
(/home/swallace6859/texmf/tex/latex/datetime/datetime.sty
Package: datetime 2015/03/20 v2.60 Date Time Package

(/usr/share/texlive/texmf-dist/tex/latex/etoolbox/etoolbox.sty
Package: etoolbox 2018/02/11 v2.5e e-TeX tools for LaTeX (JAW)
\etb@tempcnta=\count113
)
(/home/swallace6859/texmf/tex/latex/fmtcount/fmtcount.sty
Package: fmtcount 2017/12/24 v3.05

(/usr/share/texlive/texmf-dist/tex/latex/base/ifthen.sty
Package: ifthen 2014/09/29 v1.1c Standard LaTeX ifthen package (DPC)
)
(/usr/share/texlive/texmf-dist/tex/latex/xkeyval/xkeyval.sty
Package: xkeyval 2014/12/03 v2.7a package option processing (HA)

(/usr/share/texlive/texmf-dist/tex/generic/xkeyval/xkeyval.tex
(/usr/share/texlive/texmf-dist/tex/generic/xkeyval/xkvutils.tex
\XKV@toks=\toks21
\XKV@tempa@toks=\toks22
)
\XKV@depth=\count114
File: xkeyval.tex 2014/12/03 v2.7a key=value parser (HA)
))
(/home/swallace6859/texmf/tex/latex/fmtcount/fcprefix.sty
Package: fcprefix 2012/09/28

(/home/swallace6859/texmf/tex/latex/fmtcount/fcnumparser.sty
Package: fcnumparser 2017/06/15
\fc@digit@counter=\count115
))
\c@padzeroesN=\count116
\fc@tmpcatcode=\count117
\@DT@modctr=\count118
\@ordinalctr=\count119
\@orgargctr=\count120
\@strctr=\count121
\@tmpstrctr=\count122
\@DT@loopN=\count123
\@DT@X=\count124
)
(/home/swallace6859/texmf/tex/latex/datetime/datetime-defaults.sty
Package: datetime-defaults 2013/09/10
)
\@day=\count125
\@month=\count126
\@year=\count127
\c@HOUR=\count128
\c@HOURXII=\count129
\c@MINUTE=\count130
\c@TOHOUR=\count131
\c@TOMINUTE=\count132
\c@SECOND=\count133
\currenthour=\count134
\currentminute=\count135
\currentsecond=\count136
Package datetime Info: No datetime.cfg file found, using default settings on in
put line 308.
\@dtctr=\count137
\dayofyear=\count138
\dayofweek=\count139
LaTeX Info: Redefining \today on input line 736.
\dt@a=\toks23
\dt@b=\toks24
))
(./main.aux)
\openout1 = `main.aux'.

LaTeX Font Info:    Checking defaults for OML/cmm/m/it on input line 8.
LaTeX Font Info:    ... okay on input line 8.
LaTeX Font Info:    Checking defaults for T1/cmr/m/n on input line 8.
LaTeX Font Info:    ... okay on input line 8.
LaTeX Font Info:    Checking defaults for OT1/cmr/m/n on input line 8.
LaTeX Font Info:    ... okay on input line 8.
LaTeX Font Info:    Checking defaults for OMS/cmsy/m/n on input line 8.
LaTeX Font Info:    ... okay on input line 8.
LaTeX Font Info:    Checking defaults for OMX/cmex/m/n on input line 8.
LaTeX Font Info:    ... okay on input line 8.
LaTeX Font Info:    Checking defaults for U/cmr/m/n on input line 8.
LaTeX Font Info:    ... okay on input line 8.
LaTeX Font Info:    Checking defaults for PD1/pdf/m/n on input line 8.
LaTeX Font Info:    ... okay on input line 8.
\AtBeginShipoutBox=\box28
Package hyperref Info: Link coloring OFF on input line 8.
 (/usr/share/texlive/texmf-dist/tex/latex/hyperref/nameref.sty
Package: nameref 2016/05/21 v2.44 Cross-referencing by name of section

(/usr/share/texlive/texmf-dist/tex/generic/oberdiek/gettitlestring.sty
Package: gettitlestring 2016/05/16 v1.5 Cleanup title references (HO)
)
\c@section@level=\count140
)
LaTeX Info: Redefining \ref on input line 8.
LaTeX Info: Redefining \pageref on input line 8.
LaTeX Info: Redefining \nameref on input line 8.

(./main.out) (./main.out)
\@outlinefile=\write3
\openout3 = `main.out'.


(/usr/share/texlive/texmf-dist/tex/latex/graphics/graphicx.sty
Package: graphicx 2017/06/01 v1.1a Enhanced LaTeX Graphics (DPC,SPQR)

(/usr/share/texlive/texmf-dist/tex/latex/graphics/graphics.sty
Package: graphics 2017/06/25 v1.2c Standard LaTeX Graphics (DPC,SPQR)

(/usr/share/texlive/texmf-dist/tex/latex/graphics/trig.sty
Package: trig 2016/01/03 v1.10 sin cos tan (DPC)
)
(/usr/share/texlive/texmf-dist/tex/latex/graphics-cfg/graphics.cfg
File: graphics.cfg 2016/06/04 v1.11 sample graphics configuration
)
Package graphics Info: Driver file: pdftex.def on input line 99.

(/usr/share/texlive/texmf-dist/tex/latex/graphics-def/pdftex.def
File: pdftex.def 2018/01/08 v1.0l Graphics/color driver for pdftex

(/usr/share/texlive/texmf-dist/tex/context/base/mkii/supp-pdf.mkii
[Loading MPS to PDF converter (version 2006.09.02).]
\scratchcounter=\count141
\scratchdimen=\dimen125
\scratchbox=\box29
\nofMPsegments=\count142
\nofMParguments=\count143
\everyMPshowfont=\toks25
\MPscratchCnt=\count144
\MPscratchDim=\dimen126
\MPnumerator=\count145
\makeMPintoPDFobject=\count146
\everyMPtoPDFconversion=\toks26
))) (/usr/share/texlive/texmf-dist/tex/latex/oberdiek/epstopdf-base.sty
Package: epstopdf-base 2016/05/15 v2.6 Base part for package epstopdf

(/usr/share/texlive/texmf-dist/tex/latex/oberdiek/grfext.sty
Package: grfext 2016/05/16 v1.2 Manage graphics extensions (HO)
)
Package epstopdf-base Info: Redefining graphics rule for `.eps' on input line 4
38.
Package grfext Info: Graphics extension search list:
(grfext)             [.pdf,.png,.jpg,.mps,.jpeg,.jbig2,.jb2,.PDF,.PNG,.JPG,.JPE
G,.JBIG2,.JB2,.eps]
(grfext)             \AppendGraphicsExtensions on input line 456.

(/usr/share/texlive/texmf-dist/tex/latex/latexconfig/epstopdf-sys.cfg
File: epstopdf-sys.cfg 2010/07/13 v1.3 Configuration of (r)epstopdf for TeX Liv
e
))
\Gin@req@height=\dimen127
\Gin@req@width=\dimen128
)
(/home/swallace6859/texmf/tex/latex/fmtcount/fc-english.def
File: fc-english.def 2016/01/12
)
LaTeX Font Info:    Try loading font information for U+msa on input line 11.

(/home/swallace6859/texmf/tex/latex/amsfonts/umsa.fd
File: umsa.fd 2013/01/14 v3.01 AMS symbols A
)
LaTeX Font Info:    Try loading font information for U+msb on input line 11.

(/home/swallace6859/texmf/tex/latex/amsfonts/umsb.fd
File: umsb.fd 2013/01/14 v3.01 AMS symbols B
)
LaTeX Font Info:    Try loading font information for U+rsfs on input line 11.

(/usr/share/texlive/texmf-dist/tex/latex/jknapltx/ursfs.fd
File: ursfs.fd 1998/03/24 rsfs font definition file (jk)
) (./main.toc)
\tf@toc=\write4
\openout4 = `main.toc'.


(./files/slatestarcodex.tex
! Illegal parameter number in definition of \reserved@a.
<to be read again> 
                   8
l.3 ...an class="pjgm-metanav">&#8594;</span></a>}
                                                   \smallskip
? 
! Illegal parameter number in definition of \reserved@a.
<to be read again> 
                   8
l.3 ...an class="pjgm-metanav">&#8594;</span></a>}
                                                   \smallskip
? 
! Illegal parameter number in definition of \reserved@a.
<to be read again> 
                   8
l.3 ...an class="pjgm-metanav">&#8594;</span></a>}
                                                   \smallskip
? 
! Misplaced alignment tab character &.
<argument> ...ery year, I score them (this year I&
                                                  ##8217;m very late). Here ...
l.3 ...an class="pjgm-metanav">&#8594;</span></a>}
                                                   \smallskip
? 
! You can't use `macro parameter character #' in horizontal mode.
<argument> ...y year, I score them (this year I&##
                                                  8217;m very late). Here ar...
l.3 ...an class="pjgm-metanav">&#8594;</span></a>}
                                                   \smallskip
? 
! Misplaced alignment tab character &.
<argument> ...e the predictions I made for 2019. &
                                                  ##8230; <a href="https://s...
l.3 ...an class="pjgm-metanav">&#8594;</span></a>}
                                                   \smallskip
? 
! You can't use `macro parameter character #' in horizontal mode.
<argument> ...the predictions I made for 2019. &##
                                                  8230; <a href="https://sla...
l.3 ...an class="pjgm-metanav">&#8594;</span></a>}
                                                   \smallskip
? 
! Misplaced alignment tab character &.
<argument> ...reading <span class="pjgm-metanav">&
                                                  ##8594;</span></a>
l.3 ...an class="pjgm-metanav">&#8594;</span></a>}
                                                   \smallskip
? 
! You can't use `macro parameter character #' in horizontal mode.
<argument> ...ading <span class="pjgm-metanav">&##
                                                  8594;</span></a>
l.3 ...an class="pjgm-metanav">&#8594;</span></a>}
                                                   \smallskip
? 

Overfull \hbox (65.65282pt too wide) in paragraph at lines 3--5
\OT1/cmr/m/it/10 href="https://slatestarcodex.com/2020/04/08/2019-predictions-c
alibration-results/">Continue
 []

! Illegal parameter number in definition of \reserved@a.
<to be read again> 
                   8
l.6 ...an class="pjgm-metanav">&#8594;</span></a>}
                                                   \smallskip
? 
! Illegal parameter number in definition of \reserved@a.
<to be read again> 
                   8
l.6 ...an class="pjgm-metanav">&#8594;</span></a>}
                                                   \smallskip
? 
! Illegal parameter number in definition of \reserved@a.
<to be read again> 
                   8
l.6 ...an class="pjgm-metanav">&#8594;</span></a>}
                                                   \smallskip
? 
! Illegal parameter number in definition of \reserved@a.
<to be read again> 
                   8
l.6 ...an class="pjgm-metanav">&#8594;</span></a>}
                                                   \smallskip
? 
! Illegal parameter number in definition of \reserved@a.
<to be read again> 
                   8
l.6 ...an class="pjgm-metanav">&#8594;</span></a>}
                                                   \smallskip
? 
! Misplaced alignment tab character &.
<argument> ...ost that seems to have disappeared &
                                                  ##8211; let me know if it&...
l.6 ...an class="pjgm-metanav">&#8594;</span></a>}
                                                   \smallskip
? 
! You can't use `macro parameter character #' in horizontal mode.
<argument> ...t that seems to have disappeared &##
                                                  8211; let me know if it&##...
l.6 ...an class="pjgm-metanav">&#8594;</span></a>}
                                                   \smallskip
? 
! Misplaced alignment tab character &.
<argument> ...appeared &##8211; let me know if it&
                                                  ##8217;s yours and I&##821...
l.6 ...an class="pjgm-metanav">&#8594;</span></a>}
                                                   \smallskip
? 
! You can't use `macro parameter character #' in horizontal mode.
<argument> ...peared &##8211; let me know if it&##
                                                  8217;s yours and I&##8217;...
l.6 ...an class="pjgm-metanav">&#8594;</span></a>}
                                                   \smallskip
? 
! Misplaced alignment tab character &.
<argument> ... me know if it&##8217;s yours and I&
                                                  ##8217;ll give you credit]...
l.6 ...an class="pjgm-metanav">&#8594;</span></a>}
                                                   \smallskip
? 
! You can't use `macro parameter character #' in horizontal mode.
<argument> ...e know if it&##8217;s yours and I&##
                                                  8217;ll give you credit] I...
l.6 ...an class="pjgm-metanav">&#8594;</span></a>}
                                                   \smallskip
? 
! Misplaced alignment tab character &.
<argument> ...#8217;ll give you credit] I almost &
                                                  ##8230; <a href="https://s...
l.6 ...an class="pjgm-metanav">&#8594;</span></a>}
                                                   \smallskip
? 
! You can't use `macro parameter character #' in horizontal mode.
<argument> ...217;ll give you credit] I almost &##
                                                  8230; <a href="https://sla...
l.6 ...an class="pjgm-metanav">&#8594;</span></a>}
                                                   \smallskip
? 
! Misplaced alignment tab character &.
<argument> ...reading <span class="pjgm-metanav">&
                                                  ##8594;</span></a>
l.6 ...an class="pjgm-metanav">&#8594;</span></a>}
                                                   \smallskip
? 
! You can't use `macro parameter character #' in horizontal mode.
<argument> ...ading <span class="pjgm-metanav">&##
                                                  8594;</span></a>
l.6 ...an class="pjgm-metanav">&#8594;</span></a>}
                                                   \smallskip
? 
! Illegal parameter number in definition of \reserved@a.
<to be read again> 
                   8
l.9 ...an class="pjgm-metanav">&#8594;</span></a>}
                                                   \smallskip
? 
! Illegal parameter number in definition of \reserved@a.
<to be read again> 
                   8
l.9 ...an class="pjgm-metanav">&#8594;</span></a>}
                                                   \smallskip
? 
! Misplaced alignment tab character &.
<argument> ...r At DArmstadt). But the latest in &
                                                  ##8230; <a href="https://s...
l.9 ...an class="pjgm-metanav">&#8594;</span></a>}
                                                   \smallskip
? 
! You can't use `macro parameter character #' in horizontal mode.
<argument> ...At DArmstadt). But the latest in &##
                                                  8230; <a href="https://sla...
l.9 ...an class="pjgm-metanav">&#8594;</span></a>}
                                                   \smallskip
? 
! Misplaced alignment tab character &.
<argument> ...reading <span class="pjgm-metanav">&
                                                  ##8594;</span></a>
l.9 ...an class="pjgm-metanav">&#8594;</span></a>}
                                                   \smallskip
? 
! You can't use `macro parameter character #' in horizontal mode.
<argument> ...ading <span class="pjgm-metanav">&##
                                                  8594;</span></a>
l.9 ...an class="pjgm-metanav">&#8594;</span></a>}
                                                   \smallskip
? 

Overfull \hbox (83.66396pt too wide) in paragraph at lines 9--11
\OT1/cmr/m/it/10 world-depression-measurement/">Continue read-ing <span class="
pjgm-metanav">8594;</span></a>
 []

! Illegal parameter number in definition of \reserved@a.
<to be read again> 
                   8
l.12 ...n class="pjgm-metanav">&#8594;</span></a>}
                                                   \smallskip
? 
! Illegal parameter number in definition of \reserved@a.
<to be read again> 
                   8
l.12 ...n class="pjgm-metanav">&#8594;</span></a>}
                                                   \smallskip
? 
! Misplaced alignment tab character &.
<argument> ... you want, but please try to avoid &
                                                  ##8230; <a href="https://s...
l.12 ...n class="pjgm-metanav">&#8594;</span></a>}
                                                   \smallskip
? 
! You can't use `macro parameter character #' in horizontal mode.
<argument> ...ou want, but please try to avoid &##
                                                  8230; <a href="https://sla...
l.12 ...n class="pjgm-metanav">&#8594;</span></a>}
                                                   \smallskip
? 
! Misplaced alignment tab character &.
<argument> ...reading <span class="pjgm-metanav">&
                                                  ##8594;</span></a>
l.12 ...n class="pjgm-metanav">&#8594;</span></a>}
                                                   \smallskip
? 
! You can't use `macro parameter character #' in horizontal mode.
<argument> ...ading <span class="pjgm-metanav">&##
                                                  8594;</span></a>
l.12 ...n class="pjgm-metanav">&#8594;</span></a>}
                                                   \smallskip
? 

Overfull \hbox (147.05869pt too wide) in paragraph at lines 12--14
\OT1/cmr/m/it/10 Post about any-thing you want, but please try to avoid 8230; <
a href="https://slatestarcodex.com/2020/04/05/open-
 []

[1

{/var/lib/texmf/fonts/map/pdftex/updmap/pdftex.map}]
! Illegal parameter number in definition of \reserved@a.
<to be read again> 
                   8
l.15 ...n class="pjgm-metanav">&#8594;</span></a>}
                                                   \smallskip
? 
! Illegal parameter number in definition of \reserved@a.
<to be read again> 
                   8
l.15 ...n class="pjgm-metanav">&#8594;</span></a>}
                                                   \smallskip
? 
! Illegal parameter number in definition of \reserved@a.
<to be read again> 
                   8
l.15 ...n class="pjgm-metanav">&#8594;</span></a>}
                                                   \smallskip
? 
! Misplaced alignment tab character &.
<argument> ... they punish only with ridicule. It&
                                                  ##8217;s the true prophets...
l.15 ...n class="pjgm-metanav">&#8594;</span></a>}
                                                   \smallskip
? 
! You can't use `macro parameter character #' in horizontal mode.
<argument> ...hey punish only with ridicule. It&##
                                                  8217;s the true prophets w...
l.15 ...n class="pjgm-metanav">&#8594;</span></a>}
                                                   \smallskip
? 
! Misplaced alignment tab character &.
<argument> ...y to make their words come true in &
                                                  ##8230; <a href="https://s...
l.15 ...n class="pjgm-metanav">&#8594;</span></a>}
                                                   \smallskip
? 
! You can't use `macro parameter character #' in horizontal mode.
<argument> ...to make their words come true in &##
                                                  8230; <a href="https://sla...
l.15 ...n class="pjgm-metanav">&#8594;</span></a>}
                                                   \smallskip
? 
! Misplaced alignment tab character &.
<argument> ...reading <span class="pjgm-metanav">&
                                                  ##8594;</span></a>
l.15 ...n class="pjgm-metanav">&#8594;</span></a>}
                                                   \smallskip
? 
! You can't use `macro parameter character #' in horizontal mode.
<argument> ...ading <span class="pjgm-metanav">&##
                                                  8594;</span></a>
l.15 ...n class="pjgm-metanav">&#8594;</span></a>}
                                                   \smallskip
? 

Overfull \hbox (21.31412pt too wide) in paragraph at lines 15--17
\OT1/cmr/m/it/10 href="https://slatestarcodex.com/2020/04/01/book-review-the-pr
ecipice/">Continue
 []

! Illegal parameter number in definition of \reserved@a.
<to be read again> 
                   8
l.18 ...n class="pjgm-metanav">&#8594;</span></a>}
                                                   \smallskip
? 
! Illegal parameter number in definition of \reserved@a.
<to be read again> 
                   8
l.18 ...n class="pjgm-metanav">&#8594;</span></a>}
                                                   \smallskip
? 
! Illegal parameter number in definition of \reserved@a.
<to be read again> 
                   8
l.18 ...n class="pjgm-metanav">&#8594;</span></a>}
                                                   \smallskip
? 
! Misplaced alignment tab character &.
<argument> ...eople care about a lot right now. I&
                                                  ##8217;m not confident in ...
l.18 ...n class="pjgm-metanav">&#8594;</span></a>}
                                                   \smallskip
? 
! You can't use `macro parameter character #' in horizontal mode.
<argument> ...ple care about a lot right now. I&##
                                                  8217;m not confident in my...
l.18 ...n class="pjgm-metanav">&#8594;</span></a>}
                                                   \smallskip
? 
! Misplaced alignment tab character &.
<argument> ...y answers about how to proceed. If &
                                                  ##8230; <a href="https://s...
l.18 ...n class="pjgm-metanav">&#8594;</span></a>}
                                                   \smallskip
? 
! You can't use `macro parameter character #' in horizontal mode.
<argument> ...answers about how to proceed. If &##
                                                  8230; <a href="https://sla...
l.18 ...n class="pjgm-metanav">&#8594;</span></a>}
                                                   \smallskip
? 
! Misplaced alignment tab character &.
<argument> ...reading <span class="pjgm-metanav">&
                                                  ##8594;</span></a>
l.18 ...n class="pjgm-metanav">&#8594;</span></a>}
                                                   \smallskip
? 
! You can't use `macro parameter character #' in horizontal mode.
<argument> ...ading <span class="pjgm-metanav">&##
                                                  8594;</span></a>
l.18 ...n class="pjgm-metanav">&#8594;</span></a>}
                                                   \smallskip
? 

Overfull \hbox (16.1698pt too wide) in paragraph at lines 18--20
\OT1/cmr/m/it/10 href="https://slatestarcodex.com/2020/03/31/ssc-journal-club-m
acintyre-on-cloth-
 []

! Illegal parameter number in definition of \reserved@a.
<to be read again> 
                   8
l.21 ...n class="pjgm-metanav">&#8594;</span></a>}
                                                   \smallskip
? 
! Illegal parameter number in definition of \reserved@a.
<to be read again> 
                   8
l.21 ...n class="pjgm-metanav">&#8594;</span></a>}
                                                   \smallskip
? 
! Misplaced alignment tab character &.
<argument> ... and river has its own spirit. And &
                                                  ##8230; <a href="https://s...
l.21 ...n class="pjgm-metanav">&#8594;</span></a>}
                                                   \smallskip
? 
! You can't use `macro parameter character #' in horizontal mode.
<argument> ...nd river has its own spirit. And &##
                                                  8230; <a href="https://sla...
l.21 ...n class="pjgm-metanav">&#8594;</span></a>}
                                                   \smallskip
? 
! Misplaced alignment tab character &.
<argument> ...reading <span class="pjgm-metanav">&
                                                  ##8594;</span></a>
l.21 ...n class="pjgm-metanav">&#8594;</span></a>}
                                                   \smallskip
? 
! You can't use `macro parameter character #' in horizontal mode.
<argument> ...ading <span class="pjgm-metanav">&##
                                                  8594;</span></a>
l.21 ...n class="pjgm-metanav">&#8594;</span></a>}
                                                   \smallskip
? 

Overfull \hbox (38.14182pt too wide) in paragraph at lines 21--23
\OT1/cmr/m/it/10 different-from-ours-because-i-just-made-them-up/">Continue rea
d-ing <span class="pjgm-
 []

! Illegal parameter number in definition of \reserved@a.
<to be read again> 
                   8
l.24 ...n class="pjgm-metanav">&#8594;</span></a>}
                                                   \smallskip
? 
! Illegal parameter number in definition of \reserved@a.
<to be read again> 
                   8
l.24 ...n class="pjgm-metanav">&#8594;</span></a>}
                                                   \smallskip
? 
! Illegal parameter number in definition of \reserved@a.
<to be read again> 
                   8
l.24 ...n class="pjgm-metanav">&#8594;</span></a>}
                                                   \smallskip
? 
! Misplaced alignment tab character &.
<argument> ...ally be a hidden open thread, but I&
                                                  ##8217;m promoting it to f...
l.24 ...n class="pjgm-metanav">&#8594;</span></a>}
                                                   \smallskip
? 
! You can't use `macro parameter character #' in horizontal mode.
<argument> ...ly be a hidden open thread, but I&##
                                                  8217;m promoting it to fro...
l.24 ...n class="pjgm-metanav">&#8594;</span></a>}
                                                   \smallskip
? 
! Misplaced alignment tab character &.
<argument> ...e for hospitals, policymakers, and &
                                                  ##8230; <a href="https://s...
l.24 ...n class="pjgm-metanav">&#8594;</span></a>}
                                                   \smallskip
? 
! You can't use `macro parameter character #' in horizontal mode.
<argument> ...for hospitals, policymakers, and &##
                                                  8230; <a href="https://sla...
l.24 ...n class="pjgm-metanav">&#8594;</span></a>}
                                                   \smallskip
? 
! Misplaced alignment tab character &.
<argument> ...reading <span class="pjgm-metanav">&
                                                  ##8594;</span></a>
l.24 ...n class="pjgm-metanav">&#8594;</span></a>}
                                                   \smallskip
? 
! You can't use `macro parameter character #' in horizontal mode.
<argument> ...ading <span class="pjgm-metanav">&##
                                                  8594;</span></a>
l.24 ...n class="pjgm-metanav">&#8594;</span></a>}
                                                   \smallskip
? 

Overfull \hbox (4.95337pt too wide) in paragraph at lines 24--26
\OT1/cmr/m/it/10 thread-150-5/">Continue read-ing <span class="pjgm-metanav">85
94;</span></a>
 []

[2]
Missing character: There is no â in font cmbx12!
Missing character: There is no € in font cmbx12!
Missing character: There is no ™ in font cmbx12!

! Illegal parameter number in definition of \reserved@a.
<to be read again> 
                   8
l.27 ...n class="pjgm-metanav">&#8594;</span></a>}
                                                   \smallskip
? 
! Illegal parameter number in definition of \reserved@a.
<to be read again> 
                   8
l.27 ...n class="pjgm-metanav">&#8594;</span></a>}
                                                   \smallskip
? 
! Misplaced alignment tab character &.
<argument> ...es. Everything here is speculative &
                                                  ##8230; <a href="https://s...
l.27 ...n class="pjgm-metanav">&#8594;</span></a>}
                                                   \smallskip
? 
! You can't use `macro parameter character #' in horizontal mode.
<argument> .... Everything here is speculative &##
                                                  8230; <a href="https://sla...
l.27 ...n class="pjgm-metanav">&#8594;</span></a>}
                                                   \smallskip
? 
! Misplaced alignment tab character &.
<argument> ...reading <span class="pjgm-metanav">&
                                                  ##8594;</span></a>
l.27 ...n class="pjgm-metanav">&#8594;</span></a>}
                                                   \smallskip
? 
! You can't use `macro parameter character #' in horizontal mode.
<argument> ...ading <span class="pjgm-metanav">&##
                                                  8594;</span></a>
l.27 ...n class="pjgm-metanav">&#8594;</span></a>}
                                                   \smallskip
? 
! Illegal parameter number in definition of \reserved@a.
<to be read again> 
                   8
l.30 ...n class="pjgm-metanav">&#8594;</span></a>}
                                                   \smallskip
? 
! Illegal parameter number in definition of \reserved@a.
<to be read again> 
                   8
l.30 ...n class="pjgm-metanav">&#8594;</span></a>}
                                                   \smallskip
? 
! Illegal parameter number in definition of \reserved@a.
<to be read again> 
                   8
l.30 ...n class="pjgm-metanav">&#8594;</span></a>}
                                                   \smallskip
? 
! Illegal parameter number in definition of \reserved@a.
<to be read again> 
                   8
l.30 ...n class="pjgm-metanav">&#8594;</span></a>}
                                                   \smallskip
? 
! Misplaced alignment tab character &.
<argument>  \indent There&
                          ##8217;s been recent controversy about the use of ...
l.30 ...n class="pjgm-metanav">&#8594;</span></a>}
                                                   \smallskip
? 
! You can't use `macro parameter character #' in horizontal mode.
<argument>  \indent There&##
                            8217;s been recent controversy about the use of ...
l.30 ...n class="pjgm-metanav">&#8594;</span></a>}
                                                   \smallskip
? 
! Misplaced alignment tab character &.
<argument> ...y useless and not recommended. They&
                                                  ##8217;ve recently been ch...
l.30 ...n class="pjgm-metanav">&#8594;</span></a>}
                                                   \smallskip
? 
! You can't use `macro parameter character #' in horizontal mode.
<argument> ...useless and not recommended. They&##
                                                  8217;ve recently been chal...
l.30 ...n class="pjgm-metanav">&#8594;</span></a>}
                                                   \smallskip
? 
! Misplaced alignment tab character &.
<argument> ...allenged, for example by Professor &
                                                  ##8230; <a href="https://s...
l.30 ...n class="pjgm-metanav">&#8594;</span></a>}
                                                   \smallskip
? 
! You can't use `macro parameter character #' in horizontal mode.
<argument> ...lenged, for example by Professor &##
                                                  8230; <a href="https://sla...
l.30 ...n class="pjgm-metanav">&#8594;</span></a>}
                                                   \smallskip
? 
! Misplaced alignment tab character &.
<argument> ...reading <span class="pjgm-metanav">&
                                                  ##8594;</span></a>
l.30 ...n class="pjgm-metanav">&#8594;</span></a>}
                                                   \smallskip
? 
! You can't use `macro parameter character #' in horizontal mode.
<argument> ...ading <span class="pjgm-metanav">&##
                                                  8594;</span></a>
l.30 ...n class="pjgm-metanav">&#8594;</span></a>}
                                                   \smallskip
? 
)
Overfull \hbox (123.33095pt too wide) in paragraph at lines 30--14
\OT1/cmr/m/it/10 cently been chal-lenged, for ex-am-ple by Pro-fes-sor 8230; <a
 href="https://slatestarcodex.com/2020/03/23/face-
 []


Overfull \hbox (20.25316pt too wide) in paragraph at lines 30--14
\OT1/cmr/m/it/10 masks-much-more-than-you-wanted-to-know/">Continue read-ing <s
pan class="pjgm-
 []

Package atveryend Info: Empty hook `BeforeClearDocument' on input line 17.
Missing character: There is no â in font cmr10!
Missing character: There is no € in font cmr10!
Missing character: There is no ™ in font cmr10!
[3]
Package atveryend Info: Empty hook `AfterLastShipout' on input line 17.
 (./main.aux)
Package atveryend Info: Executing hook `AtVeryEndDocument' on input line 17.
Package atveryend Info: Executing hook `AtEndAfterFileList' on input line 17.


Package rerunfilecheck Warning: File `main.out' has changed.
(rerunfilecheck)                Rerun to get outlines right
(rerunfilecheck)                or use package `bookmark'.

Package rerunfilecheck Info: Checksums for `main.out':
(rerunfilecheck)             Before: D41D8CD98F00B204E9800998ECF8427E;0
(rerunfilecheck)             After:  D703FE45E52C58E4E32A0FF5D8377525;904.
Package atveryend Info: Empty hook `AtVeryVeryEnd' on input line 17.
 ) 
Here is how much of TeX's memory you used:
 7851 strings out of 494415
 113629 string characters out of 6170237
 212899 words of memory out of 5000000
 11183 multiletter control sequences out of 15000+600000
 10336 words of font info for 40 fonts, out of 8000000 for 9000
 264 hyphenation exceptions out of 8191
 43i,10n,45p,1047b,328s stack positions out of 5000i,500n,10000p,200000b,80000s
</home/swallace6859/texmf/fonts/type1/public/amsfonts/cm/cmbx12.pfb></home/sw
allace6859/texmf/fonts/type1/public/amsfonts/cm/cmr10.pfb></home/swallace6859/t
exmf/fonts/type1/public/amsfonts/cm/cmr12.pfb></home/swallace6859/texmf/fonts/t
ype1/public/amsfonts/cm/cmr17.pfb></home/swallace6859/texmf/fonts/type1/public/
amsfonts/cm/cmr8.pfb></home/swallace6859/texmf/fonts/type1/public/amsfonts/cm/c
mti10.pfb>
Output written on main.pdf (3 pages, 92303 bytes).
PDF statistics:
 70 PDF objects out of 1000 (max. 8388607)
 58 compressed objects within 1 object stream
 16 named destinations out of 1000 (max. 500000)
 1 words of extra memory for PDF output out of 10000 (max. 10000000)

